{
  "uid" : "f6ecb99e98d306ed",
  "name" : "test_1021_log",
  "fullName" : "vizsgaremek_tests.test_1021_log#test_1021_log",
  "historyId" : "b9162e341abfd4c475daf908a38a7ce5",
  "time" : {
    "start" : 1628696868202,
    "stop" : 1628696886302,
    "duration" : 18100
  },
  "status" : "failed",
  "statusMessage" : "AssertionError: assert ('Login failed!' == 'Login failed!'\n    Login failed! and 'Invalid user credentials.' == 'Password field required.'\n  - Password field required.\n  + Invalid user credentials.)",
  "statusTrace" : "def test_1021_log():\n    \n        from selenium import webdriver\n        from webdriver_manager.chrome import ChromeDriverManager\n        from selenium.webdriver.chrome.options import Options\n        import time\n        import random\n        import string\n    \n        options = Options()\n        options.headless = True\n    \n        # driver = webdriver.Chrome(ChromeDriverManager().install())\n        driver = webdriver.Chrome(ChromeDriverManager().install(), options=options)  # headless mode\n    \n        # options.add_argument('--headless')\n        # options.add_argument('--disable-gpu')\n    \n        driver.get(\"http://localhost:1667\")\n    \n        cookie_accept_button = driver.find_element_by_xpath(\"//div[@class='cookie__bar__buttons']/button[2]\")\n        cookie_accept_button.click()\n    \n        sign_in_link = driver.find_element_by_xpath(\"//*[@id='app']/nav/div/ul/li[2]/a\")\n        sign_in_link.click()\n        time.sleep(2)\n    \n        def user_login(email, password):\n    \n            e_mail = driver.find_element_by_xpath(\"//form/fieldset[1]/input\")\n            pass_word = driver.find_element_by_xpath(\"//form/fieldset[2]/input\")\n            sign_in_button = driver.find_element_by_xpath('//*[@id=\"app\"]/div/div/div/div/form/button')\n    \n            e_mail.clear()\n            pass_word.clear()\n            e_mail.send_keys(email)\n            pass_word.send_keys(password)\n            time.sleep(3)\n            sign_in_button.click()\n    \n        def assert_handling(expected_title, expected_text):\n            swal_title = driver.find_element_by_class_name(\"swal-title\").text\n            swal_text = driver.find_element_by_class_name(\"swal-text\").text\n            assert (swal_title == expected_title and swal_text == expected_text)\n    \n        def back_to_form():  # acknowledging error/getting sign up form back\n            ok_button = driver.find_element_by_class_name(\"swal-button\")\n            ok_button.click()\n    \n        # generating random test data\n    \n        numeric_part = \"\".join([random.choice(string.digits) for _ in range(2)])\n        lowercase_part = \"\".join([random.choice(string.ascii_lowercase) for _ in range(4)])\n        uppercase_part = \"\".join([random.choice(string.ascii_uppercase) for _ in range(4)])\n        special_part = \"\".join([random.choice(string.punctuation) for _ in range(2)])\n    \n        rnd_un = \"\".join([random.choice(string.ascii_lowercase) for _ in range(5)])\n        rnd_em = rnd_un + \"@\" + lowercase_part + \".com\"\n    \n        # blank input fields\n    \n        user_login(\"\", \"\")\n        time.sleep(2)\n        assert_handling(\"Login failed!\", \"Email field required.\")\n        time.sleep(2)\n        back_to_form()\n    \n        # missing password test fails\n        time.sleep(2)\n        user_login(rnd_em, \"\")\n        time.sleep(2)\n>       assert_handling(\"Login failed!\", \"Password field required.\")\n\nvizsgaremek_tests/test_1021_log.py:77: \n_ _ _ _ _ _ _ _ _ _ _ _ _ _ _ _ _ _ _ _ _ _ _ _ _ _ _ _ _ _ _ _ _ _ _ _ _ _ _ _ \n\nexpected_title = 'Login failed!', expected_text = 'Password field required.'\n\n    def assert_handling(expected_title, expected_text):\n        swal_title = driver.find_element_by_class_name(\"swal-title\").text\n        swal_text = driver.find_element_by_class_name(\"swal-text\").text\n>       assert (swal_title == expected_title and swal_text == expected_text)\nE       AssertionError: assert ('Login failed!' == 'Login failed!'\nE           Login failed! and 'Invalid user credentials.' == 'Password field required.'\nE         - Password field required.\nE         + Invalid user credentials.)\n\nvizsgaremek_tests/test_1021_log.py:49: AssertionError",
  "flaky" : false,
  "newFailed" : false,
  "beforeStages" : [ ],
  "testStage" : {
    "status" : "failed",
    "statusMessage" : "AssertionError: assert ('Login failed!' == 'Login failed!'\n    Login failed! and 'Invalid user credentials.' == 'Password field required.'\n  - Password field required.\n  + Invalid user credentials.)",
    "statusTrace" : "def test_1021_log():\n    \n        from selenium import webdriver\n        from webdriver_manager.chrome import ChromeDriverManager\n        from selenium.webdriver.chrome.options import Options\n        import time\n        import random\n        import string\n    \n        options = Options()\n        options.headless = True\n    \n        # driver = webdriver.Chrome(ChromeDriverManager().install())\n        driver = webdriver.Chrome(ChromeDriverManager().install(), options=options)  # headless mode\n    \n        # options.add_argument('--headless')\n        # options.add_argument('--disable-gpu')\n    \n        driver.get(\"http://localhost:1667\")\n    \n        cookie_accept_button = driver.find_element_by_xpath(\"//div[@class='cookie__bar__buttons']/button[2]\")\n        cookie_accept_button.click()\n    \n        sign_in_link = driver.find_element_by_xpath(\"//*[@id='app']/nav/div/ul/li[2]/a\")\n        sign_in_link.click()\n        time.sleep(2)\n    \n        def user_login(email, password):\n    \n            e_mail = driver.find_element_by_xpath(\"//form/fieldset[1]/input\")\n            pass_word = driver.find_element_by_xpath(\"//form/fieldset[2]/input\")\n            sign_in_button = driver.find_element_by_xpath('//*[@id=\"app\"]/div/div/div/div/form/button')\n    \n            e_mail.clear()\n            pass_word.clear()\n            e_mail.send_keys(email)\n            pass_word.send_keys(password)\n            time.sleep(3)\n            sign_in_button.click()\n    \n        def assert_handling(expected_title, expected_text):\n            swal_title = driver.find_element_by_class_name(\"swal-title\").text\n            swal_text = driver.find_element_by_class_name(\"swal-text\").text\n            assert (swal_title == expected_title and swal_text == expected_text)\n    \n        def back_to_form():  # acknowledging error/getting sign up form back\n            ok_button = driver.find_element_by_class_name(\"swal-button\")\n            ok_button.click()\n    \n        # generating random test data\n    \n        numeric_part = \"\".join([random.choice(string.digits) for _ in range(2)])\n        lowercase_part = \"\".join([random.choice(string.ascii_lowercase) for _ in range(4)])\n        uppercase_part = \"\".join([random.choice(string.ascii_uppercase) for _ in range(4)])\n        special_part = \"\".join([random.choice(string.punctuation) for _ in range(2)])\n    \n        rnd_un = \"\".join([random.choice(string.ascii_lowercase) for _ in range(5)])\n        rnd_em = rnd_un + \"@\" + lowercase_part + \".com\"\n    \n        # blank input fields\n    \n        user_login(\"\", \"\")\n        time.sleep(2)\n        assert_handling(\"Login failed!\", \"Email field required.\")\n        time.sleep(2)\n        back_to_form()\n    \n        # missing password test fails\n        time.sleep(2)\n        user_login(rnd_em, \"\")\n        time.sleep(2)\n>       assert_handling(\"Login failed!\", \"Password field required.\")\n\nvizsgaremek_tests/test_1021_log.py:77: \n_ _ _ _ _ _ _ _ _ _ _ _ _ _ _ _ _ _ _ _ _ _ _ _ _ _ _ _ _ _ _ _ _ _ _ _ _ _ _ _ \n\nexpected_title = 'Login failed!', expected_text = 'Password field required.'\n\n    def assert_handling(expected_title, expected_text):\n        swal_title = driver.find_element_by_class_name(\"swal-title\").text\n        swal_text = driver.find_element_by_class_name(\"swal-text\").text\n>       assert (swal_title == expected_title and swal_text == expected_text)\nE       AssertionError: assert ('Login failed!' == 'Login failed!'\nE           Login failed! and 'Invalid user credentials.' == 'Password field required.'\nE         - Password field required.\nE         + Invalid user credentials.)\n\nvizsgaremek_tests/test_1021_log.py:49: AssertionError",
    "steps" : [ ],
    "attachments" : [ {
      "uid" : "c6d632aaa5ff882e",
      "name" : "log",
      "source" : "c6d632aaa5ff882e.txt",
      "type" : "text/plain",
      "size" : 344
    }, {
      "uid" : "e96d4292f8bda126",
      "name" : "stderr",
      "source" : "e96d4292f8bda126.txt",
      "type" : "text/plain",
      "size" : 215
    } ],
    "parameters" : [ ],
    "stepsCount" : 0,
    "attachmentsCount" : 2,
    "shouldDisplayMessage" : true,
    "hasContent" : true
  },
  "afterStages" : [ ],
  "labels" : [ {
    "name" : "parentSuite",
    "value" : "vizsgaremek_tests"
  }, {
    "name" : "suite",
    "value" : "test_1021_log"
  }, {
    "name" : "host",
    "value" : "fv-az36-389"
  }, {
    "name" : "thread",
    "value" : "3846-MainThread"
  }, {
    "name" : "framework",
    "value" : "pytest"
  }, {
    "name" : "language",
    "value" : "cpython3"
  }, {
    "name" : "package",
    "value" : "vizsgaremek_tests.test_1021_log"
  }, {
    "name" : "resultFormat",
    "value" : "allure2"
  } ],
  "parameters" : [ ],
  "links" : [ ],
  "hidden" : false,
  "retry" : false,
  "extra" : {
    "severity" : "normal",
    "retries" : [ ],
    "categories" : [ {
      "name" : "Product defects",
      "matchedStatuses" : [ ],
      "flaky" : false
    } ],
    "history" : {
      "statistic" : {
        "failed" : 6,
        "broken" : 2,
        "skipped" : 0,
        "passed" : 0,
        "unknown" : 0,
        "total" : 8
      },
      "items" : [ {
        "uid" : "4ce072e8b0d2ad12",
        "reportUrl" : "https://zibinova.github.io/conduit/78//#testresult/4ce072e8b0d2ad12",
        "status" : "failed",
        "statusDetails" : "AssertionError: assert ('Login failed!' == 'Login failed!'\n    Login failed! and 'Invalid user credentials.' == 'Password field required.'\n  - Password field required.\n  + Invalid user credentials.)",
        "time" : {
          "start" : 1628696788164,
          "stop" : 1628696806319,
          "duration" : 18155
        }
      }, {
        "uid" : "a82c2b671daf2552",
        "reportUrl" : "https://zibinova.github.io/conduit/6//#testresult/a82c2b671daf2552",
        "status" : "failed",
        "statusDetails" : "AssertionError: assert ('Login failed!' == 'Login failed!'\n    Login failed! and 'Invalid user credentials.' == 'Password field required.'\n  - Password field required.\n  + Invalid user credentials.)",
        "time" : {
          "start" : 1628696725976,
          "stop" : 1628696744176,
          "duration" : 18200
        }
      }, {
        "uid" : "e83082ebc4e3a09f",
        "reportUrl" : "https://zibinova.github.io/conduit/77//#testresult/e83082ebc4e3a09f",
        "status" : "failed",
        "statusDetails" : "AssertionError: assert ('Login failed!' == 'Login failed!'\n    Login failed! and 'Invalid user credentials.' == 'Password field required.'\n  - Password field required.\n  + Invalid user credentials.)",
        "time" : {
          "start" : 1628696713091,
          "stop" : 1628696731385,
          "duration" : 18294
        }
      }, {
        "uid" : "776e6d6614295ff7",
        "reportUrl" : "https://zibinova.github.io/conduit/5//#testresult/776e6d6614295ff7",
        "status" : "failed",
        "statusDetails" : "AssertionError: assert ('Login failed!' == 'Login failed!'\n    Login failed! and 'Invalid user credentials.' == 'Password field required.'\n  - Password field required.\n  + Invalid user credentials.)",
        "time" : {
          "start" : 1628689968987,
          "stop" : 1628689987387,
          "duration" : 18400
        }
      }, {
        "uid" : "cc1a9812e6d11684",
        "reportUrl" : "https://zibinova.github.io/conduit/76//#testresult/cc1a9812e6d11684",
        "status" : "failed",
        "statusDetails" : "AssertionError: assert ('Login failed!' == 'Login failed!'\n    Login failed! and 'Invalid user credentials.' == 'Password field required.'\n  - Password field required.\n  + Invalid user credentials.)",
        "time" : {
          "start" : 1628689961253,
          "stop" : 1628689979491,
          "duration" : 18238
        }
      }, {
        "uid" : "8f795d6e01ddd097",
        "reportUrl" : "https://zibinova.github.io/conduit/4//#testresult/8f795d6e01ddd097",
        "status" : "broken",
        "statusDetails" : "ModuleNotFoundError: No module named 'webdriver_manager'",
        "time" : {
          "start" : 1628688011667,
          "stop" : 1628688011668,
          "duration" : 1
        }
      }, {
        "uid" : "7dc24e73c91ae960",
        "reportUrl" : "https://zibinova.github.io/conduit/75//#testresult/7dc24e73c91ae960",
        "status" : "broken",
        "statusDetails" : "ModuleNotFoundError: No module named 'webdriver_manager'",
        "time" : {
          "start" : 1628687995426,
          "stop" : 1628687995426,
          "duration" : 0
        }
      } ]
    },
    "tags" : [ ]
  },
  "source" : "f6ecb99e98d306ed.json",
  "parameterValues" : [ ]
}