{
  "uid" : "1eb7e7f77f4fdf36",
  "name" : "test_reg_1014_15",
  "fullName" : "vizsgaremek_tests.test_1014_15_reg#test_reg_1014_15",
  "historyId" : "ef035eb736c9e05b6a32c3525b32f821",
  "time" : {
    "start" : 1628696702981,
    "stop" : 1628696715941,
    "duration" : 12960
  },
  "status" : "failed",
  "statusMessage" : "AssertionError: assert ('Welcome!' == 'Registration failed!'\n  - Registration failed!\n  + Welcome!)",
  "statusTrace" : "def test_reg_1014_15():\n        from selenium import webdriver\n        from selenium.webdriver.common.by import By\n        from selenium.webdriver.support.ui import WebDriverWait\n        from selenium.webdriver.support import expected_conditions as EC\n        from webdriver_manager.chrome import ChromeDriverManager\n        from selenium.webdriver.chrome.options import Options\n        import time\n        import random\n        import string\n    \n        options = Options()\n        options.headless = True\n    \n        # driver = webdriver.Chrome(ChromeDriverManager().install())\n        driver = webdriver.Chrome(ChromeDriverManager().install(), options=options)  # headless mode\n    \n        # options.add_argument('--headless')\n        # options.add_argument('--disable-gpu')\n    \n        driver.get(\"http://localhost:1667\")\n    \n        # giving cookie consent\n        cookie_accept_button = driver.find_element_by_xpath(\"//div[@class='cookie__bar__buttons']/button[2]\")\n        cookie_accept_button.click()\n    \n    \n        def user_registration(username, email, password):\n            user_name = driver.find_element_by_xpath(\"//form/fieldset[1]/input\")\n            e_mail = driver.find_element_by_xpath(\"//form/fieldset[2]/input\")\n            pass_word = driver.find_element_by_xpath(\"//form/fieldset[3]/input\")\n            sign_up_button = driver.find_element_by_xpath('//form/button')\n    \n            user_name.send_keys(username)\n            e_mail.send_keys(email)\n            pass_word.send_keys(password)\n            time.sleep(3)\n            sign_up_button.click()\n    \n    \n        def assert_handling(expected_title, expected_text):\n            WebDriverWait(driver, 10).until(\n                EC.visibility_of_element_located((By.XPATH, \"//div[@class='swal-title']\")))\n    \n            swal_title = driver.find_element_by_xpath(\"//div[@class='swal-title']\").text\n            swal_text = driver.find_element_by_class_name(\"swal-text\").text\n            assert (swal_title == expected_title and swal_text == expected_text)\n    \n    \n        def back_to_form():  # acknowledging error/getting sign up form back\n            ok_button = driver.find_element_by_class_name(\"swal-button\")\n            ok_button.click()\n    \n        # generating random test data\n    \n    \n        numeric_part = \"\".join([random.choice(string.digits) for _ in range(2)])\n        lowercase_part = \"\".join([random.choice(string.ascii_lowercase) for _ in range(4)])\n        uppercase_part = \"\".join([random.choice(string.ascii_uppercase) for _ in range(4)])\n        special_part = \"\".join([random.choice(string.punctuation) for _ in range(2)])\n        rnd_un = \"\".join([random.choice(string.ascii_lowercase) for _ in range(5)])\n        rnd_em = rnd_un + \"@\" + lowercase_part + \".com\"\n        rnd_pw = numeric_part + lowercase_part + uppercase_part + special_part\n    \n        # getting sign-up form\n    \n        sign_up_link = driver.find_element_by_xpath(\"//ul/li[3]/a\")\n        sign_up_link.click()\n        time.sleep(3)\n    \n        user_registration(\"testella\", \"testella@gmail.com\", \"Teszt123\")\n        time.sleep(5)\n>       assert_handling(\"Registration failed!\", \"Email already taken.\")\n\nvizsgaremek_tests/test_1014_15_reg.py:76: \n_ _ _ _ _ _ _ _ _ _ _ _ _ _ _ _ _ _ _ _ _ _ _ _ _ _ _ _ _ _ _ _ _ _ _ _ _ _ _ _ \n\nexpected_title = 'Registration failed!', expected_text = 'Email already taken.'\n\n    def assert_handling(expected_title, expected_text):\n        WebDriverWait(driver, 10).until(\n            EC.visibility_of_element_located((By.XPATH, \"//div[@class='swal-title']\")))\n    \n        swal_title = driver.find_element_by_xpath(\"//div[@class='swal-title']\").text\n        swal_text = driver.find_element_by_class_name(\"swal-text\").text\n>       assert (swal_title == expected_title and swal_text == expected_text)\nE       AssertionError: assert ('Welcome!' == 'Registration failed!'\nE         - Registration failed!\nE         + Welcome!)\n\nvizsgaremek_tests/test_1014_15_reg.py:50: AssertionError",
  "flaky" : false,
  "newFailed" : false,
  "beforeStages" : [ ],
  "testStage" : {
    "status" : "failed",
    "statusMessage" : "AssertionError: assert ('Welcome!' == 'Registration failed!'\n  - Registration failed!\n  + Welcome!)",
    "statusTrace" : "def test_reg_1014_15():\n        from selenium import webdriver\n        from selenium.webdriver.common.by import By\n        from selenium.webdriver.support.ui import WebDriverWait\n        from selenium.webdriver.support import expected_conditions as EC\n        from webdriver_manager.chrome import ChromeDriverManager\n        from selenium.webdriver.chrome.options import Options\n        import time\n        import random\n        import string\n    \n        options = Options()\n        options.headless = True\n    \n        # driver = webdriver.Chrome(ChromeDriverManager().install())\n        driver = webdriver.Chrome(ChromeDriverManager().install(), options=options)  # headless mode\n    \n        # options.add_argument('--headless')\n        # options.add_argument('--disable-gpu')\n    \n        driver.get(\"http://localhost:1667\")\n    \n        # giving cookie consent\n        cookie_accept_button = driver.find_element_by_xpath(\"//div[@class='cookie__bar__buttons']/button[2]\")\n        cookie_accept_button.click()\n    \n    \n        def user_registration(username, email, password):\n            user_name = driver.find_element_by_xpath(\"//form/fieldset[1]/input\")\n            e_mail = driver.find_element_by_xpath(\"//form/fieldset[2]/input\")\n            pass_word = driver.find_element_by_xpath(\"//form/fieldset[3]/input\")\n            sign_up_button = driver.find_element_by_xpath('//form/button')\n    \n            user_name.send_keys(username)\n            e_mail.send_keys(email)\n            pass_word.send_keys(password)\n            time.sleep(3)\n            sign_up_button.click()\n    \n    \n        def assert_handling(expected_title, expected_text):\n            WebDriverWait(driver, 10).until(\n                EC.visibility_of_element_located((By.XPATH, \"//div[@class='swal-title']\")))\n    \n            swal_title = driver.find_element_by_xpath(\"//div[@class='swal-title']\").text\n            swal_text = driver.find_element_by_class_name(\"swal-text\").text\n            assert (swal_title == expected_title and swal_text == expected_text)\n    \n    \n        def back_to_form():  # acknowledging error/getting sign up form back\n            ok_button = driver.find_element_by_class_name(\"swal-button\")\n            ok_button.click()\n    \n        # generating random test data\n    \n    \n        numeric_part = \"\".join([random.choice(string.digits) for _ in range(2)])\n        lowercase_part = \"\".join([random.choice(string.ascii_lowercase) for _ in range(4)])\n        uppercase_part = \"\".join([random.choice(string.ascii_uppercase) for _ in range(4)])\n        special_part = \"\".join([random.choice(string.punctuation) for _ in range(2)])\n        rnd_un = \"\".join([random.choice(string.ascii_lowercase) for _ in range(5)])\n        rnd_em = rnd_un + \"@\" + lowercase_part + \".com\"\n        rnd_pw = numeric_part + lowercase_part + uppercase_part + special_part\n    \n        # getting sign-up form\n    \n        sign_up_link = driver.find_element_by_xpath(\"//ul/li[3]/a\")\n        sign_up_link.click()\n        time.sleep(3)\n    \n        user_registration(\"testella\", \"testella@gmail.com\", \"Teszt123\")\n        time.sleep(5)\n>       assert_handling(\"Registration failed!\", \"Email already taken.\")\n\nvizsgaremek_tests/test_1014_15_reg.py:76: \n_ _ _ _ _ _ _ _ _ _ _ _ _ _ _ _ _ _ _ _ _ _ _ _ _ _ _ _ _ _ _ _ _ _ _ _ _ _ _ _ \n\nexpected_title = 'Registration failed!', expected_text = 'Email already taken.'\n\n    def assert_handling(expected_title, expected_text):\n        WebDriverWait(driver, 10).until(\n            EC.visibility_of_element_located((By.XPATH, \"//div[@class='swal-title']\")))\n    \n        swal_title = driver.find_element_by_xpath(\"//div[@class='swal-title']\").text\n        swal_text = driver.find_element_by_class_name(\"swal-text\").text\n>       assert (swal_title == expected_title and swal_text == expected_text)\nE       AssertionError: assert ('Welcome!' == 'Registration failed!'\nE         - Registration failed!\nE         + Welcome!)\n\nvizsgaremek_tests/test_1014_15_reg.py:50: AssertionError",
    "steps" : [ ],
    "attachments" : [ {
      "uid" : "a3368d83f06a97e",
      "name" : "log",
      "source" : "a3368d83f06a97e.txt",
      "type" : "text/plain",
      "size" : 344
    }, {
      "uid" : "abd7b68fedc0d697",
      "name" : "stderr",
      "source" : "abd7b68fedc0d697.txt",
      "type" : "text/plain",
      "size" : 215
    } ],
    "parameters" : [ ],
    "stepsCount" : 0,
    "attachmentsCount" : 2,
    "shouldDisplayMessage" : true,
    "hasContent" : true
  },
  "afterStages" : [ ],
  "labels" : [ {
    "name" : "parentSuite",
    "value" : "vizsgaremek_tests"
  }, {
    "name" : "suite",
    "value" : "test_1014_15_reg"
  }, {
    "name" : "host",
    "value" : "fv-az33-581"
  }, {
    "name" : "thread",
    "value" : "3962-MainThread"
  }, {
    "name" : "framework",
    "value" : "pytest"
  }, {
    "name" : "language",
    "value" : "cpython3"
  }, {
    "name" : "package",
    "value" : "vizsgaremek_tests.test_1014_15_reg"
  }, {
    "name" : "resultFormat",
    "value" : "allure2"
  } ],
  "parameters" : [ ],
  "links" : [ ],
  "hidden" : false,
  "retry" : false,
  "extra" : {
    "severity" : "normal",
    "retries" : [ ],
    "categories" : [ {
      "name" : "Product defects",
      "matchedStatuses" : [ ],
      "flaky" : false
    } ],
    "history" : {
      "statistic" : {
        "failed" : 4,
        "broken" : 2,
        "skipped" : 0,
        "passed" : 0,
        "unknown" : 0,
        "total" : 6
      },
      "items" : [ {
        "uid" : "4360d0a6827236c1",
        "reportUrl" : "https://zibinova.github.io/conduit/77//#testresult/4360d0a6827236c1",
        "status" : "failed",
        "statusDetails" : "AssertionError: assert ('Welcome!' == 'Registration failed!'\n  - Registration failed!\n  + Welcome!)",
        "time" : {
          "start" : 1628696689737,
          "stop" : 1628696702886,
          "duration" : 13149
        }
      }, {
        "uid" : "c2af2d7cb3c4a932",
        "reportUrl" : "https://zibinova.github.io/conduit/5//#testresult/c2af2d7cb3c4a932",
        "status" : "failed",
        "statusDetails" : "AssertionError: assert ('Welcome!' == 'Registration failed!'\n  - Registration failed!\n  + Welcome!)",
        "time" : {
          "start" : 1628689945584,
          "stop" : 1628689958768,
          "duration" : 13184
        }
      }, {
        "uid" : "dd0da9d0d15a00ef",
        "reportUrl" : "https://zibinova.github.io/conduit/76//#testresult/dd0da9d0d15a00ef",
        "status" : "failed",
        "statusDetails" : "AssertionError: assert ('Welcome!' == 'Registration failed!'\n  - Registration failed!\n  + Welcome!)",
        "time" : {
          "start" : 1628689938080,
          "stop" : 1628689951130,
          "duration" : 13050
        }
      }, {
        "uid" : "97558992906ca38",
        "reportUrl" : "https://zibinova.github.io/conduit/4//#testresult/97558992906ca38",
        "status" : "broken",
        "statusDetails" : "ModuleNotFoundError: No module named 'webdriver_manager'",
        "time" : {
          "start" : 1628688011660,
          "stop" : 1628688011660,
          "duration" : 0
        }
      }, {
        "uid" : "6bde5357db36539a",
        "reportUrl" : "https://zibinova.github.io/conduit/75//#testresult/6bde5357db36539a",
        "status" : "broken",
        "statusDetails" : "ModuleNotFoundError: No module named 'webdriver_manager'",
        "time" : {
          "start" : 1628687995418,
          "stop" : 1628687995419,
          "duration" : 1
        }
      } ]
    },
    "tags" : [ ]
  },
  "source" : "1eb7e7f77f4fdf36.json",
  "parameterValues" : [ ]
}